Journal loaded: 0 trades
[17:41] Fetching market health…
  Market: UPTREND | VIX: 18.0 | Dist days: 0
[17:41] Scanning 542 stocks with 20 parallel workers…
  [1/542] AMZN: 86 STRONG BUY | VCP:True RS@High:False
  [2/542] TSLA: 68 WATCH | VCP:True RS@High:False
  [3/542] AMAT: 79 STRONG BUY | VCP:False RS@High:False
  [4/542] GOOG: 87 STRONG BUY | VCP:True RS@High:False
  [5/542] MSFT: 54 WEAK | VCP:False RS@High:False
  [6/542] NFLX: 43 WEAK | VCP:False RS@High:False
  [7/542] ADBE: 58 WATCH | VCP:True RS@High:False
  [8/542] GOOGL: 86 STRONG BUY | VCP:True RS@High:False
  [9/542] COST: 75 WATCH | VCP:True RS@High:False
  [10/542] META: 89 STRONG BUY | VCP:True RS@High:False
  [11/542] AMD: 70 WATCH | VCP:False RS@High:False
  [12/542] QCOM: 42 WEAK | VCP:False RS@High:False
  [13/542] AAPL: 92 STRONG BUY | VCP:False RS@High:True
  [14/542] TXN: 51 WEAK | VCP:False RS@High:False
  [15/542] CSCO: 66 WATCH | VCP:True RS@High:False
  [16/542] PEP: 48 WEAK | VCP:True RS@High:False
  [17/542] NVDA: 79 STRONG BUY | VCP:True RS@High:False
  [18/542] AVGO: 67 WATCH | VCP:True RS@High:False
  [19/542] INTU: 80 STRONG BUY | VCP:True RS@High:False
  [20/542] AMGN: 79 STRONG BUY | VCP:False RS@High:False
  [21/542] CMCSA: 77 STRONG BUY | VCP:True RS@High:False
  [22/542] ISRG: 45 WEAK | VCP:False RS@High:False
  [23/542] LRCX: 48 WEAK | VCP:False RS@High:False
  [24/542] PANW: 89 STRONG BUY | VCP:False RS@High:True
  [25/542] VRTX: 83 STRONG BUY | VCP:False RS@High:False
  [26/542] MU: 58 WATCH | VCP:True RS@High:False
  [27/542] KLAC: 67 WATCH | VCP:False RS@High:False
  [28/542] ABNB: 90 STRONG BUY | VCP:True RS@High:False
  [29/542] REGN: 88 STRONG BUY | VCP:True RS@High:False
  [30/542] SBUX: 93 STRONG BUY | VCP:True RS@High:False
  [31/542] MDLZ: 93 STRONG BUY | VCP:True RS@High:False
  [32/542] INTC: 31 WEAK | VCP:True RS@High:False
  [33/542] SNPS: 40 WEAK | VCP:True RS@High:False
  [34/542] BKNG: 87 STRONG BUY | VCP:True RS@High:False
  [35/542] HON: 59 WATCH | VCP:True RS@High:False
  [36/542] ADI: 66 WATCH | VCP:True RS@High:False
  [37/542] GILD: 83 STRONG BUY | VCP:True RS@High:False
  [38/542] MELI: 57 WATCH | VCP:True RS@High:False
  [39/542] ADP: 54 WEAK | VCP:False RS@High:False
  [40/542] CDNS: 74 WATCH | VCP:True RS@High:False
  [41/542] CRWD: 88 STRONG BUY | VCP:True RS@High:False
  [42/542] WDAY: 57 WATCH | VCP:False RS@High:False
  [43/542] MRVL: 32 WEAK | VCP:False RS@High:False
  [44/542] PAYX: 66 WATCH | VCP:False RS@High:False
  [45/542] FTNT: 94 STRONG BUY | VCP:True RS@High:False
  [46/542] CSX: 92 STRONG BUY | VCP:True RS@High:True
  [47/542] ORLY: 66 WATCH | VCP:True RS@High:False
  [48/542] NXPI: 58 WATCH | VCP:False RS@High:False
  [49/542] PYPL: 72 WATCH | VCP:True RS@High:False
  [50/542] DXCM: 94 STRONG BUY | VCP:True RS@High:False
  [51/542] CEG: 38 WEAK | VCP:False RS@High:False
  [52/542] KDP: 86 STRONG BUY | VCP:True RS@High:False
  [53/542] CTAS: 73 WATCH | VCP:True RS@High:False
  [54/542] GEHC: 75 STRONG BUY | VCP:True RS@High:False
  [55/542] PCAR: 85 STRONG BUY | VCP:True RS@High:False
  [56/542] MRNA: 90 STRONG BUY | VCP:False RS@High:False
  [57/542] FAST: 63 WATCH | VCP:False RS@High:False
  [58/542] TTD: 71 WATCH | VCP:True RS@High:False
  [59/542] ROST: 87 STRONG BUY | VCP:False RS@High:False
  [60/542] ODFL: 92 STRONG BUY | VCP:True RS@High:False
HTTP Error 404: {"quoteSummary":{"result":null,"error":{"code":"Not Found","description":"Quote not found for symbol: ANSS"}}}
  [61/542] BIIB: 88 STRONG BUY | VCP:False RS@High:False
  [62/542] EA: 84 STRONG BUY | VCP:False RS@High:False
  [63/542] TEAM: 54 WEAK | VCP:False RS@High:False
  [64/542] ON: 40 WEAK | VCP:True RS@High:False
  [65/542] ILMN: 94 STRONG BUY | VCP:True RS@High:True
  [66/542] IDXX: 74 WATCH | VCP:True RS@High:False
  [67/542] VRSK: 73 WATCH | VCP:True RS@High:False
  [68/542] ZS: 63 WATCH | VCP:True RS@High:False
  [69/542] WBD: 64 WATCH | VCP:True RS@High:False
$ANSS: possibly delisted; no price data found  (period=1y) (Yahoo error = "No data found, symbol may be delisted")
  [70/542] ANSS: skip (no data)
  [71/542] DLTR: 89 STRONG BUY | VCP:True RS@High:False
  [72/542] BKR: 68 WATCH | VCP:True RS@High:False
  [73/542] KHC: 88 STRONG BUY | VCP:True RS@High:False
  [74/542] CDW: 77 STRONG BUY | VCP:True RS@High:False
  [75/542] CCEP: 93 STRONG BUY | VCP:True RS@High:False
  [76/542] FANG: 62 WATCH | VCP:True RS@High:False
  [77/542] XEL: 73 WATCH | VCP:True RS@High:False
  [78/542] SIRI: 91 STRONG BUY | VCP:False RS@High:True
  [79/542] MCHP: 61 WATCH | VCP:True RS@High:False
  [80/542] CTSH: 54 WEAK | VCP:False RS@High:False
  [81/542] CSGP: 67 WATCH | VCP:True RS@High:False
  [82/542] ALGN: 86 STRONG BUY | VCP:True RS@High:False
  [83/542] CHTR: 56 WATCH | VCP:False RS@High:False
  [84/542] DDOG: 89 STRONG BUY | VCP:True RS@High:False
  [85/542] MNST: 95 STRONG BUY | VCP:True RS@High:True
  [86/542] JPM: 93 STRONG BUY | VCP:True RS@High:False
  [87/542] WFC: 61 WATCH | VCP:False RS@High:False
  [88/542] JD: 49 WEAK | VCP:True RS@High:False
  [89/542] BAC: 94 STRONG BUY | VCP:True RS@High:True
  [90/542] LULU: 56 WATCH | VCP:True RS@High:False
  [91/542] EXC: 56 WATCH | VCP:False RS@High:False
  [92/542] PDD: 57 WATCH | VCP:True RS@High:False
  [93/542] GS: 92 STRONG BUY | VCP:True RS@High:False
  [94/542] SCHW: 81 STRONG BUY | VCP:True RS@High:False
  [95/542] MS: 80 STRONG BUY | VCP:False RS@High:False
  [96/542] CB: 90 STRONG BUY | VCP:False RS@High:False
  [97/542] SPGI: 88 STRONG BUY | VCP:True RS@High:False
  [98/542] PGR: 52 WEAK | VCP:True RS@High:False
  [99/542] BLK: 86 STRONG BUY | VCP:True RS@High:False
  [100/542] TRV: 93 STRONG BUY | VCP:True RS@High:True
  [101/542] AXP: 60 WATCH | VCP:False RS@High:False
  [102/542] AFL: 94 STRONG BUY | VCP:True RS@High:False
  [103/542] AIG: 83 STRONG BUY | VCP:True RS@High:False
$MMC: possibly delisted; no price data found  (period=1y) (Yahoo error = "No data found, symbol may be delisted")
  [104/542] MMC: skip (no data)
  [105/542] MET: 92 STRONG BUY | VCP:True RS@High:True
  [106/542] CINF: 90 STRONG BUY | VCP:True RS@High:False
$BK: possibly delisted; no price data found  (period=1y)
  [107/542] BK: skip (no data)
  [108/542] PRU: 78 STRONG BUY | VCP:False RS@High:False
  [109/542] HIG: 87 STRONG BUY | VCP:True RS@High:False
  [110/542] AON: 80 STRONG BUY | VCP:True RS@High:False
  [111/542] ICE: 60 WATCH | VCP:False RS@High:False
  [112/542] ALL: 82 STRONG BUY | VCP:False RS@High:False
  [113/542] RJF: 72 WATCH | VCP:True RS@High:False
  [114/542] CME: 67 WATCH | VCP:False RS@High:False
$DFS: possibly delisted; no price data found  (period=1y) (Yahoo error = "No data found, symbol may be delisted")
  [115/542] DFS: skip (no data)
  [116/542] PFG: 89 STRONG BUY | VCP:False RS@High:True
  [117/542] MCO: 77 STRONG BUY | VCP:True RS@High:False
  [118/542] COF: 73 WATCH | VCP:True RS@High:False
  [119/542] TROW: 92 STRONG BUY | VCP:True RS@High:False
  [120/542] AMP: 82 STRONG BUY | VCP:True RS@High:False
  [121/542] SYF: 44 WEAK | VCP:False RS@High:False
  [122/542] FITB: 93 STRONG BUY | VCP:True RS@High:True
  [123/542] KEY: 92 STRONG BUY | VCP:True RS@High:False
  [124/542] CFG: 94 STRONG BUY | VCP:True RS@High:True
  [125/542] STT: 90 STRONG BUY | VCP:True RS@High:True
  [126/542] NTRS: 94 STRONG BUY | VCP:True RS@High:True
  [127/542] HBAN: 89 STRONG BUY | VCP:True RS@High:False
  [128/542] RF: 90 STRONG BUY | VCP:False RS@High:True
  [129/542] USB: 93 STRONG BUY | VCP:True RS@High:True
  [130/542] BRO: 89 STRONG BUY | VCP:True RS@High:False
  [131/542] ALLY: 91 STRONG BUY | VCP:True RS@High:False
  [132/542] MTB: 90 STRONG BUY | VCP:False RS@High:True
  [133/542] PNC: 92 STRONG BUY | VCP:True RS@High:False
  [134/542] TFC: 91 STRONG BUY | VCP:True RS@High:False
  [135/542] FNF: 82 STRONG BUY | VCP:True RS@High:False
  [136/542] NDAQ: 69 WATCH | VCP:False RS@High:False
  [137/542] C: 67 WATCH | VCP:True RS@High:False
  [138/542] LNC: 61 WATCH | VCP:True RS@High:False
$RE: possibly delisted; no price data found  (period=1y) (Yahoo error = "No data found, symbol may be delisted")
  [139/542] RE: skip (no data)
  [140/542] UNM: 88 STRONG BUY | VCP:False RS@High:False
  [141/542] GL: 93 STRONG BUY | VCP:True RS@High:True
  [142/542] WRB: 86 STRONG BUY | VCP:True RS@High:False
  [143/542] AIZ: 94 STRONG BUY | VCP:True RS@High:True
  [144/542] ACGL: 64 WATCH | VCP:False RS@High:False
  [145/542] RGA: 82 STRONG BUY | VCP:False RS@High:True
  [146/542] UNH: 91 STRONG BUY | VCP:True RS@High:False
  [147/542] ABBV: 75 WATCH | VCP:False RS@High:False
  [148/542] LLY: 94 STRONG BUY | VCP:True RS@High:False
  [149/542] JNJ: 81 STRONG BUY | VCP:False RS@High:False
  [150/542] DHR: 77 STRONG BUY | VCP:True RS@High:False
  [151/542] ELV: 57 WATCH | VCP:True RS@High:False
  [152/542] TMO: 76 STRONG BUY | VCP:True RS@High:False
  [153/542] MRK: 90 STRONG BUY | VCP:True RS@High:False
  [154/542] CI: 75 STRONG BUY | VCP:True RS@High:False
  [155/542] MDT: 67 WATCH | VCP:True RS@High:False
  [156/542] HUM: 87 STRONG BUY | VCP:True RS@High:False
  [157/542] IQV: 48 WEAK | VCP:False RS@High:False
  [158/542] BSX: 77 STRONG BUY | VCP:True RS@High:False
  [159/542] ABT: 52 WEAK | VCP:False RS@High:False
  [160/542] SYK: 56 WATCH | VCP:False RS@High:False
  [161/542] BDX: 77 STRONG BUY | VCP:True RS@High:False
$HOLX: possibly delisted; no price data found  (period=1y) (Yahoo error = "No data found, symbol may be delisted")
  [162/542] HOLX: skip (no data)
  [163/542] HCA: 29 WEAK | VCP:False RS@High:False
  [164/542] MCK: 89 STRONG BUY | VCP:True RS@High:False
  [165/542] ZTS: 52 WEAK | VCP:True RS@High:False
  [166/542] ZBH: 84 STRONG BUY | VCP:True RS@High:False
  [167/542] CNC: 77 STRONG BUY | VCP:False RS@High:False
  [168/542] CVS: 93 STRONG BUY | VCP:True RS@High:True
  [169/542] CAH: 90 STRONG BUY | VCP:True RS@High:False
  [170/542] BAX: 85 STRONG BUY | VCP:True RS@High:False
  [171/542] EW: 89 STRONG BUY | VCP:True RS@High:False
  [172/542] MOH: 91 STRONG BUY | VCP:True RS@High:False
  [173/542] RMD: 56 WATCH | VCP:False RS@High:False
  [174/542] PODD: 86 STRONG BUY | VCP:True RS@High:False
  [175/542] MTD: 84 STRONG BUY | VCP:True RS@High:False
  [176/542] DVA: 93 STRONG BUY | VCP:True RS@High:True
  [177/542] COO: 74 WATCH | VCP:True RS@High:False
  [178/542] HSIC: 88 STRONG BUY | VCP:False RS@High:False
  [179/542] WAT: 84 STRONG BUY | VCP:True RS@High:False
$CTLT: possibly delisted; no price data found  (period=1y) (Yahoo error = "No data found, symbol may be delisted")
  [180/542] CTLT: skip (no data)
  [181/542] TECH: 90 STRONG BUY | VCP:True RS@High:False
  [182/542] A: 81 STRONG BUY | VCP:True RS@High:False
  [183/542] CVX: 82 STRONG BUY | VCP:False RS@High:False
  [184/542] PGNY: 92 STRONG BUY | VCP:True RS@High:True
  [185/542] SOLV: 85 STRONG BUY | VCP:True RS@High:False
$CTRA: possibly delisted; no price data found  (period=1y) (Yahoo error = "No data found, symbol may be delisted")
  [186/542] CTRA: skip (no data)
  [187/542] XOM: 78 STRONG BUY | VCP:True RS@High:False
  [188/542] VTRS: 93 STRONG BUY | VCP:True RS@High:True
  [189/542] COP: 44 WEAK | VCP:False RS@High:False
  [190/542] PSX: 87 STRONG BUY | VCP:True RS@High:False
  [191/542] SLB: 63 WATCH | VCP:True RS@High:False
  [192/542] VLO: 88 STRONG BUY | VCP:False RS@High:True
$MRO: possibly delisted; no price data found  (period=1y) (Yahoo error = "No data found, symbol may be delisted")
  [193/542] MRO: skip (no data)
  [194/542] MPC: 86 STRONG BUY | VCP:True RS@High:True
  [195/542] DVN: 59 WATCH | VCP:True RS@High:False
$HES: possibly delisted; no price data found  (period=1y) (Yahoo error = "No data found, symbol may be delisted")
  [196/542] HES: skip (no data)
  [197/542] EOG: 92 STRONG BUY | VCP:True RS@High:False
  [198/542] OXY: 48 WEAK | VCP:False RS@High:False
  [199/542] OKE: 92 STRONG BUY | VCP:True RS@High:False
  [200/542] HAL: 80 STRONG BUY | VCP:True RS@High:False
  [201/542] KMI: 90 STRONG BUY | VCP:True RS@High:False
  [202/542] VST: 39 WEAK | VCP:False RS@High:False
  [203/542] WMB: 85 STRONG BUY | VCP:True RS@High:False
  [204/542] APA: 76 STRONG BUY | VCP:True RS@High:False
  [205/542] EQT: 39 WEAK | VCP:False RS@High:False
  [206/542] LNG: 92 STRONG BUY | VCP:True RS@High:False
  [207/542] AES: 80 STRONG BUY | VCP:False RS@High:False
  [208/542] HD: 44 WEAK | VCP:False RS@High:False
  [209/542] TRGP: 92 STRONG BUY | VCP:True RS@High:False
  [210/542] NRG: 45 WEAK | VCP:True RS@High:False
  [211/542] LOW: 42 WEAK | VCP:True RS@High:False
  [212/542] TJX: 35 WEAK | VCP:False RS@High:False
  [213/542] MAR: 66 WATCH | VCP:True RS@High:False
  [214/542] TSCO: 63 WATCH | VCP:True RS@High:False
  [215/542] HLT: 78 STRONG BUY | VCP:True RS@High:False
  [216/542] GM: 35 WEAK | VCP:False RS@High:False
  [217/542] AZO: 62 WATCH | VCP:True RS@High:False
  [218/542] MCD: 55 WEAK | VCP:True RS@High:False
  [219/542] NKE: 72 WATCH | VCP:True RS@High:False
  [220/542] BBY: 71 WATCH | VCP:True RS@High:False
  [221/542] EBAY: 80 STRONG BUY | VCP:True RS@High:False
  [222/542] F: 90 STRONG BUY | VCP:True RS@High:False
  [223/542] ETSY: 83 STRONG BUY | VCP:True RS@High:True
  [224/542] LVS: 68 WATCH | VCP:True RS@High:False
  [225/542] WYNN: 63 WATCH | VCP:True RS@High:False
  [226/542] CCL: 29 WEAK | VCP:False RS@High:False
  [227/542] RCL: 56 WATCH | VCP:False RS@High:False
  [228/542] MGM: 91 STRONG BUY | VCP:True RS@High:False
  [229/542] DRI: 88 STRONG BUY | VCP:True RS@High:False
  [230/542] APTV: 29 WEAK | VCP:False RS@High:False
  [231/542] YUM: 86 STRONG BUY | VCP:True RS@High:False
  [232/542] DPZ: 80 STRONG BUY | VCP:True RS@High:False
  [233/542] BWA: 48 WEAK | VCP:False RS@High:False
  [234/542] POOL: 73 WATCH | VCP:True RS@High:False
  [235/542] TOL: 71 WATCH | VCP:False RS@High:False
  [236/542] DHI: 33 WEAK | VCP:False RS@High:False
  [237/542] CMG: 65 WATCH | VCP:True RS@High:False
  [238/542] PVH: 78 STRONG BUY | VCP:True RS@High:False
  [239/542] LEN: 11 WEAK | VCP:False RS@High:False
  [240/542] HAS: 52 WEAK | VCP:False RS@High:False
  [241/542] NVR: 65 WATCH | VCP:True RS@High:False
  [242/542] DECK: 69 WATCH | VCP:True RS@High:False
  [243/542] PHM: 50 WEAK | VCP:False RS@High:False
  [244/542] NCLH: 40 WEAK | VCP:False RS@High:False
  [245/542] VFC: 68 WATCH | VCP:True RS@High:False
  [246/542] RL: 90 STRONG BUY | VCP:True RS@High:False
  [247/542] MAT: 76 STRONG BUY | VCP:True RS@High:False
  [248/542] CROX: 94 STRONG BUY | VCP:True RS@High:True
$SKX: possibly delisted; no price data found  (period=1y) (Yahoo error = "No data found, symbol may be delisted")
  [249/542] SKX: skip (no data)
  [250/542] BOOT: 46 WEAK | VCP:False RS@High:False
  [251/542] COLM: 92 STRONG BUY | VCP:True RS@High:False
  [252/542] PG: 47 WEAK | VCP:False RS@High:False
$K: possibly delisted; no price data found  (period=1y) (Yahoo error = "No data found, symbol may be delisted")
  [253/542] K: skip (no data)
  [254/542] PM: 88 STRONG BUY | VCP:True RS@High:False
  [255/542] WMT: 31 WEAK | VCP:False RS@High:False
  [256/542] KO: 93 STRONG BUY | VCP:True RS@High:False
  [257/542] STZ: 45 WEAK | VCP:False RS@High:False
  [258/542] MO: 92 STRONG BUY | VCP:True RS@High:False
  [259/542] CL: 82 STRONG BUY | VCP:False RS@High:False
  [260/542] SJM: 82 STRONG BUY | VCP:True RS@High:False
  [261/542] CHD: 91 STRONG BUY | VCP:True RS@High:False
  [262/542] CAG: 67 WATCH | VCP:True RS@High:False
  [263/542] EL: 52 WEAK | VCP:True RS@High:False
  [264/542] HRL: 61 WATCH | VCP:False RS@High:False
  [265/542] HSY: 66 WATCH | VCP:True RS@High:False
  [266/542] GIS: 84 STRONG BUY | VCP:True RS@High:False
  [267/542] MKC: 78 STRONG BUY | VCP:True RS@High:False
  [268/542] CLX: 73 WATCH | VCP:True RS@High:False
  [269/542] TSN: 77 STRONG BUY | VCP:True RS@High:False
  [270/542] TAP: 84 STRONG BUY | VCP:True RS@High:False
  [271/542] CPB: 74 WATCH | VCP:True RS@High:False
  [272/542] KMB: 68 WATCH | VCP:True RS@High:False
  [273/542] SFM: 55 WEAK | VCP:True RS@High:False
  [274/542] CTVA: 93 STRONG BUY | VCP:True RS@High:False
  [275/542] ADM: 74 WATCH | VCP:False RS@High:True
  [276/542] BG: 76 STRONG BUY | VCP:True RS@High:False
  [277/542] SYY: 75 WATCH | VCP:True RS@High:False
  [278/542] MOS: 53 WEAK | VCP:True RS@High:False
  [279/542] CF: 89 STRONG BUY | VCP:True RS@High:False
  [280/542] ETN: 60 WATCH | VCP:True RS@High:False
  [281/542] FMC: 66 WATCH | VCP:True RS@High:False
  [282/542] BA: 62 WATCH | VCP:True RS@High:False
  [283/542] UPS: 92 STRONG BUY | VCP:True RS@High:False
  [284/542] COTY: 50 WEAK | VCP:True RS@High:False
  [285/542] CAT: 75 STRONG BUY | VCP:True RS@High:False
  [286/542] UNP: 88 STRONG BUY | VCP:False RS@High:True
  [287/542] RTX: 75 STRONG BUY | VCP:True RS@High:False
  [288/542] GE: 72 WATCH | VCP:False RS@High:False
  [289/542] EMR: 55 WATCH | VCP:True RS@High:False
  [290/542] NOC: 49 WEAK | VCP:False RS@High:False
  [291/542] FDX: 85 STRONG BUY | VCP:True RS@High:False
  [292/542] LMT: 48 WEAK | VCP:False RS@High:False
  [293/542] DE: 66 WATCH | VCP:True RS@High:False
  [294/542] GD: 89 STRONG BUY | VCP:True RS@High:False
  [295/542] ROP: 87 STRONG BUY | VCP:True RS@High:False
  [296/542] ITW: 86 STRONG BUY | VCP:True RS@High:False
  [297/542] NSC: 88 STRONG BUY | VCP:True RS@High:False
  [298/542] OTIS: 88 STRONG BUY | VCP:True RS@High:False
  [299/542] IEX: 95 STRONG BUY | VCP:True RS@High:True
  [300/542] CMI: 60 WATCH | VCP:True RS@High:False
  [301/542] GWW: 93 STRONG BUY | VCP:True RS@High:True
  [302/542] IR: 83 STRONG BUY | VCP:True RS@High:False
  [303/542] PH: 68 WATCH | VCP:True RS@High:False
  [304/542] HWM: 92 STRONG BUY | VCP:True RS@High:False
  [305/542] CARR: 63 WATCH | VCP:False RS@High:False
  [306/542] SNA: 93 STRONG BUY | VCP:True RS@High:True
  [307/542] WM: 86 STRONG BUY | VCP:True RS@High:False
  [308/542] TDG: 57 WATCH | VCP:True RS@High:False
  [309/542] RSG: 79 STRONG BUY | VCP:True RS@High:False
  [310/542] XYL: 79 STRONG BUY | VCP:True RS@High:False
  [311/542] AME: 81 STRONG BUY | VCP:False RS@High:False
  [312/542] DOV: 75 STRONG BUY | VCP:True RS@High:False
  [313/542] ROK: 85 STRONG BUY | VCP:False RS@High:False
  [314/542] JCI: 67 WATCH | VCP:True RS@High:False
  [315/542] MMM: 37 WEAK | VCP:False RS@High:False
  [316/542] GNRC: 58 WATCH | VCP:True RS@High:False
  [317/542] LDOS: 26 WEAK | VCP:False RS@High:False
  [318/542] AXON: 66 WATCH | VCP:False RS@High:False
  [319/542] TXT: 80 STRONG BUY | VCP:True RS@High:False
  [320/542] CACI: 57 WATCH | VCP:True RS@High:False
  [321/542] SAIC: 84 STRONG BUY | VCP:False RS@High:False
  [322/542] SAIA: 80 STRONG BUY | VCP:True RS@High:False
  [323/542] EXPD: 91 STRONG BUY | VCP:True RS@High:True
  [324/542] CHRW: 89 STRONG BUY | VCP:True RS@High:False
  [325/542] JBHT: 95 STRONG BUY | VCP:True RS@High:True
  [326/542] XPO: 94 STRONG BUY | VCP:True RS@High:False
  [327/542] LHX: 60 WATCH | VCP:True RS@High:False
  [328/542] HUBG: 89 STRONG BUY | VCP:True RS@High:False
  [329/542] IBM: 27 WEAK | VCP:False RS@High:False
  [330/542] CRM: 60 WATCH | VCP:False RS@High:False
  [331/542] WERN: 95 STRONG BUY | VCP:True RS@High:True
  [332/542] ORCL: 34 WEAK | VCP:False RS@High:False
  [333/542] HPE: 70 WATCH | VCP:True RS@High:False
  [334/542] ACN: 60 WATCH | VCP:True RS@High:False
  [335/542] MPWR: 81 STRONG BUY | VCP:True RS@High:False
  [336/542] HPQ: 63 WATCH | VCP:True RS@High:False
  [337/542] KEYS: 47 WEAK | VCP:False RS@High:False
  [338/542] AKAM: 66 WATCH | VCP:True RS@High:False
  [339/542] ENPH: 42 WEAK | VCP:False RS@High:False
  [340/542] FFIV: 93 STRONG BUY | VCP:True RS@High:False
  [341/542] VRSN: 54 WEAK | VCP:False RS@High:False
  [342/542] TYL: 77 STRONG BUY | VCP:True RS@High:False
  [343/542] SEDG: 51 WEAK | VCP:False RS@High:False
  [344/542] FSLR: 54 WEAK | VCP:False RS@High:False
  [345/542] GRMN: 94 STRONG BUY | VCP:True RS@High:False
  [346/542] GLW: 72 WATCH | VCP:True RS@High:False
  [347/542] WDC: 45 WEAK | VCP:False RS@High:False
  [348/542] NTAP: 80 STRONG BUY | VCP:False RS@High:False
  [349/542] STX: 65 WATCH | VCP:True RS@High:False
  [350/542] ANET: 92 STRONG BUY | VCP:True RS@High:False
  [351/542] NOW: 57 WATCH | VCP:False RS@High:False
  [352/542] SMCI: 44 WEAK | VCP:False RS@High:False
  [353/542] ZBRA: 79 STRONG BUY | VCP:True RS@High:False
  [354/542] NEE: 92 STRONG BUY | VCP:True RS@High:False
  [355/542] FICO: 84 STRONG BUY | VCP:True RS@High:False
  [356/542] SO: 83 STRONG BUY | VCP:False RS@High:False
  [357/542] D: 94 STRONG BUY | VCP:True RS@High:True
  [358/542] DUK: 89 STRONG BUY | VCP:True RS@High:False
  [359/542] AEP: 91 STRONG BUY | VCP:True RS@High:False
  [360/542] CMS: 89 STRONG BUY | VCP:True RS@High:False
  [361/542] PEG: 71 WATCH | VCP:True RS@High:False
  [362/542] PCG: 88 STRONG BUY | VCP:True RS@High:False
  [363/542] ATO: 44 WEAK | VCP:False RS@High:False
  [364/542] AWK: 83 STRONG BUY | VCP:True RS@High:False
  [365/542] SRE: 86 STRONG BUY | VCP:True RS@High:False
  [366/542] DTE: 91 STRONG BUY | VCP:True RS@High:False
  [367/542] WEC: 90 STRONG BUY | VCP:True RS@High:False
  [368/542] NI: 50 WEAK | VCP:True RS@High:False
  [369/542] ES: 91 STRONG BUY | VCP:True RS@High:False
  [370/542] ETR: 91 STRONG BUY | VCP:True RS@High:False
  [371/542] PPL: 82 STRONG BUY | VCP:True RS@High:False
  [372/542] EVRG: 64 WATCH | VCP:False RS@High:False
  [373/542] LNT: 78 STRONG BUY | VCP:False RS@High:False
  [374/542] AVA: 91 STRONG BUY | VCP:True RS@High:False
  [375/542] EIX: 91 STRONG BUY | VCP:True RS@High:False
  [376/542] AEE: 88 STRONG BUY | VCP:True RS@High:False
  [377/542] BKH: 93 STRONG BUY | VCP:True RS@High:False
  [378/542] CNP: 89 STRONG BUY | VCP:True RS@High:False
  [379/542] POR: 93 STRONG BUY | VCP:True RS@High:False
  [380/542] OGE: 91 STRONG BUY | VCP:True RS@High:False
  [381/542] PLD: 93 STRONG BUY | VCP:True RS@High:True
  [382/542] OTTR: 93 STRONG BUY | VCP:True RS@High:False
  [383/542] EQIX: 56 WATCH | VCP:False RS@High:False
  [384/542] IDA: 92 STRONG BUY | VCP:True RS@High:False
  [385/542] O: 92 STRONG BUY | VCP:True RS@High:False
  [386/542] CCI: 42 WEAK | VCP:True RS@High:False
  [387/542] PSA: 94 STRONG BUY | VCP:True RS@High:False
  [388/542] AMT: 61 WATCH | VCP:False RS@High:False
  [389/542] SPG: 93 STRONG BUY | VCP:True RS@High:True
  [390/542] AVB: 80 STRONG BUY | VCP:True RS@High:False
  [391/542] EXR: 90 STRONG BUY | VCP:True RS@High:False
  [392/542] UDR: 93 STRONG BUY | VCP:True RS@High:False
  [393/542] SUI: 72 WATCH | VCP:True RS@High:False
  [394/542] MAA: 66 WATCH | VCP:False RS@High:False
  [395/542] ESS: 91 STRONG BUY | VCP:True RS@High:False
  [396/542] VICI: 83 STRONG BUY | VCP:True RS@High:False
  [397/542] WPC: 94 STRONG BUY | VCP:True RS@High:False
  [398/542] EQR: 90 STRONG BUY | VCP:True RS@High:False
  [399/542] ELS: 75 STRONG BUY | VCP:True RS@High:False
  [400/542] REXR: 71 WATCH | VCP:False RS@High:False
  [401/542] FR: 93 STRONG BUY | VCP:True RS@High:True
  [402/542] SBAC: 39 WEAK | VCP:False RS@High:False
  [403/542] IRM: 46 WEAK | VCP:False RS@High:False
  [404/542] BXP: 89 STRONG BUY | VCP:True RS@High:False
  [405/542] VNO: 45 WEAK | VCP:False RS@High:False
  [406/542] DLR: 56 WATCH | VCP:False RS@High:False
  [407/542] NNN: 94 STRONG BUY | VCP:True RS@High:True
  [408/542] ARE: 24 WEAK | VCP:False RS@High:False
  [409/542] REG: 93 STRONG BUY | VCP:True RS@High:False
  [410/542] KIM: 94 STRONG BUY | VCP:True RS@High:True
$MPW: possibly delisted; no price data found  (period=1y) (Yahoo error = "No data found, symbol may be delisted")
  [411/542] MPW: skip (no data)
  [412/542] STAG: 91 STRONG BUY | VCP:True RS@High:False
$SBA: possibly delisted; no price data found  (period=1y) (Yahoo error = "No data found, symbol may be delisted")
  [413/542] SBA: skip (no data)
  [414/542] EPRT: 86 STRONG BUY | VCP:True RS@High:False
  [415/542] TRNO: 93 STRONG BUY | VCP:True RS@High:True
  [416/542] FRT: 95 STRONG BUY | VCP:True RS@High:True
  [417/542] IIPR: 93 STRONG BUY | VCP:True RS@High:True
  [418/542] SHW: 47 WEAK | VCP:False RS@High:False
  [419/542] APD: 90 STRONG BUY | VCP:True RS@High:False
  [420/542] ECL: 74 WATCH | VCP:True RS@High:False
  [421/542] LIN: 88 STRONG BUY | VCP:True RS@High:False
  [422/542] FCX: 47 WEAK | VCP:True RS@High:False
  [423/542] CE: 55 WEAK | VCP:True RS@High:False
  [424/542] NEM: 65 WATCH | VCP:True RS@High:False
$SEE: possibly delisted; no price data found  (period=1y) (Yahoo error = "No data found, symbol may be delisted")
  [425/542] SEE: skip (no data)
  [426/542] COR: 87 STRONG BUY | VCP:True RS@High:False
  [427/542] NUE: 84 STRONG BUY | VCP:True RS@High:False
  [428/542] EMN: 77 STRONG BUY | VCP:True RS@High:False
  [429/542] AVY: 43 WEAK | VCP:False RS@High:False
  [430/542] PPG: 87 STRONG BUY | VCP:True RS@High:False
  [431/542] BALL: 87 STRONG BUY | VCP:True RS@High:False
  [432/542] IP: 80 STRONG BUY | VCP:True RS@High:False
  [433/542] RPM: 42 WEAK | VCP:False RS@High:False
  [434/542] OLN: 75 STRONG BUY | VCP:True RS@High:False
  [435/542] MLM: 62 WATCH | VCP:True RS@High:False
  [436/542] SON: 92 STRONG BUY | VCP:True RS@High:False
  [437/542] ALB: 30 WEAK | VCP:False RS@High:False
  [438/542] CMC: 71 WATCH | VCP:True RS@High:False
$PARA: possibly delisted; no price data found  (period=1y) (Yahoo error = "No data found, symbol may be delisted")
  [439/542] PARA: skip (no data)
  [440/542] ASH: 94 STRONG BUY | VCP:True RS@High:True
$IAC: possibly delisted; no price data found  (period=1y)
  [441/542] IAC: skip (no data)
  [442/542] DIS: 69 WATCH | VCP:True RS@High:False
  [443/542] PKG: 82 STRONG BUY | VCP:True RS@High:False
  [444/542] CLF: 47 WEAK | VCP:True RS@High:False
  [445/542] STLD: 52 WEAK | VCP:False RS@High:False
  [446/542] RS: 86 STRONG BUY | VCP:False RS@High:False
  [447/542] VZ: 40 WEAK | VCP:False RS@High:False
  [448/542] VMC: 52 WEAK | VCP:False RS@High:False
$IPG: possibly delisted; no price data found  (period=1y) (Yahoo error = "No data found, symbol may be delisted")
  [449/542] IPG: skip (no data)
  [450/542] T: 32 WEAK | VCP:False RS@High:False
  [451/542] TMUS: 72 WATCH | VCP:True RS@High:False
  [452/542] TTWO: 66 WATCH | VCP:True RS@High:False
  [453/542] OMC: 83 STRONG BUY | VCP:False RS@High:False
  [454/542] LYFT: 88 STRONG BUY | VCP:True RS@High:False
  [455/542] NWSA: 66 WATCH | VCP:True RS@High:False
  [456/542] FOX: 78 STRONG BUY | VCP:True RS@High:False
  [457/542] MTCH: 93 STRONG BUY | VCP:True RS@High:False
  [458/542] FOXA: 86 STRONG BUY | VCP:True RS@High:False
  [459/542] UBER: 76 STRONG BUY | VCP:True RS@High:False
  [460/542] HOOD: 66 WATCH | VCP:True RS@High:False
  [461/542] RBLX: 77 STRONG BUY | VCP:True RS@High:False
  [462/542] BIDU: 50 WEAK | VCP:True RS@High:False
  [463/542] SHOP: 79 STRONG BUY | VCP:True RS@High:False
  [464/542] COIN: 54 WEAK | VCP:True RS@High:False
  [465/542] SPOT: 68 WATCH | VCP:True RS@High:False
  [466/542] OKTA: 92 STRONG BUY | VCP:True RS@High:False
  [467/542] SNAP: 65 WATCH | VCP:True RS@High:False
  [468/542] SE: 60 WATCH | VCP:True RS@High:False
  [469/542] DOCU: 59 WATCH | VCP:True RS@High:False
  [470/542] SNOW: 60 WATCH | VCP:True RS@High:False
  [471/542] PINS: 43 WEAK | VCP:False RS@High:False
  [472/542] PLTR: 63 WATCH | VCP:True RS@High:False
  [473/542] RIVN: 74 WATCH | VCP:False RS@High:False
  [474/542] ARM: 52 WEAK | VCP:False RS@High:False
  [475/542] TSM: 69 WATCH | VCP:True RS@High:False
  [476/542] NVO: 89 STRONG BUY | VCP:True RS@High:False
  [477/542] ASML: 61 WATCH | VCP:False RS@High:False
  [478/542] JOBY: 41 WEAK | VCP:True RS@High:False
  [479/542] IONQ: 32 WEAK | VCP:False RS@High:False
  [480/542] SOUN: 68 WATCH | VCP:True RS@High:False
  [481/542] RKLB: 37 WEAK | VCP:False RS@High:False
  [482/542] RGTI: 35 WEAK | VCP:True RS@High:False
  [483/542] QBTS: 27 WEAK | VCP:False RS@High:False
  [484/542] SNDK: 33 WEAK | VCP:False RS@High:False
  [485/542] LUNR: 32 WEAK | VCP:False RS@High:False
  [486/542] CELH: 64 WATCH | VCP:True RS@High:False
HTTP Error 404: {"quoteSummary":{"result":null,"error":{"code":"Not Found","description":"No fundamentals data found for symbol: SPY"}}}
  [487/542] ACHR: 26 WEAK | VCP:False RS@High:False
HTTP Error 404: {"quoteSummary":{"result":null,"error":{"code":"Not Found","description":"No fundamentals data found for symbol: IWM"}}}
HTTP Error 404: {"quoteSummary":{"result":null,"error":{"code":"Not Found","description":"No fundamentals data found for symbol: QQQ"}}}
HTTP Error 404: {"quoteSummary":{"result":null,"error":{"code":"Not Found","description":"No fundamentals data found for symbol: DIA"}}}
HTTP Error 404: {"quoteSummary":{"result":null,"error":{"code":"Not Found","description":"No fundamentals data found for symbol: VEA"}}}
HTTP Error 404: {"quoteSummary":{"result":null,"error":{"code":"Not Found","description":"No fundamentals data found for symbol: VTI"}}}
HTTP Error 404: {"quoteSummary":{"result":null,"error":{"code":"Not Found","description":"No fundamentals data found for symbol: SPY"}}}
  [488/542] SPY: 91 STRONG BUY | VCP:True RS@High:True
HTTP Error 404: {"quoteSummary":{"result":null,"error":{"code":"Not Found","description":"No fundamentals data found for symbol: IWM"}}}
  [489/542] IWM: 84 STRONG BUY | VCP:True RS@High:False
HTTP Error 404: {"quoteSummary":{"result":null,"error":{"code":"Not Found","description":"No fundamentals data found for symbol: QQQ"}}}
  [490/542] QQQ: 64 WATCH | VCP:True RS@High:False
HTTP Error 404: {"quoteSummary":{"result":null,"error":{"code":"Not Found","description":"No fundamentals data found for symbol: VOO"}}}
HTTP Error 404: {"quoteSummary":{"result":null,"error":{"code":"Not Found","description":"No fundamentals data found for symbol: GLD"}}}
HTTP Error 404: {"quoteSummary":{"result":null,"error":{"code":"Not Found","description":"No fundamentals data found for symbol: DIA"}}}
  [491/542] DIA: 69 WATCH | VCP:False RS@High:False
HTTP Error 404: {"quoteSummary":{"result":null,"error":{"code":"Not Found","description":"No fundamentals data found for symbol: VEA"}}}
  [492/542] VEA: 56 WATCH | VCP:True RS@High:False
HTTP Error 404: {"quoteSummary":{"result":null,"error":{"code":"Not Found","description":"No fundamentals data found for symbol: VWO"}}}
HTTP Error 404: {"quoteSummary":{"result":null,"error":{"code":"Not Found","description":"No fundamentals data found for symbol: VTI"}}}
  [493/542] VTI: 91 STRONG BUY | VCP:True RS@High:True
HTTP Error 404: {"quoteSummary":{"result":null,"error":{"code":"Not Found","description":"No fundamentals data found for symbol: TLT"}}}
HTTP Error 404: {"quoteSummary":{"result":null,"error":{"code":"Not Found","description":"No fundamentals data found for symbol: LQD"}}}
HTTP Error 404: {"quoteSummary":{"result":null,"error":{"code":"Not Found","description":"No fundamentals data found for symbol: XLV"}}}
HTTP Error 404: {"quoteSummary":{"result":null,"error":{"code":"Not Found","description":"No fundamentals data found for symbol: TLT"}}}
  [494/542] TLT: 23 WEAK | VCP:False RS@High:False
HTTP Error 404: {"quoteSummary":{"result":null,"error":{"code":"Not Found","description":"No fundamentals data found for symbol: XLF"}}}
HTTP Error 404: {"quoteSummary":{"result":null,"error":{"code":"Not Found","description":"No fundamentals data found for symbol: SLV"}}}
HTTP Error 404: {"quoteSummary":{"result":null,"error":{"code":"Not Found","description":"No fundamentals data found for symbol: IEF"}}}
HTTP Error 404: {"quoteSummary":{"result":null,"error":{"code":"Not Found","description":"No fundamentals data found for symbol: VWO"}}}
  [495/542] VWO: 64 WATCH | VCP:True RS@High:False
HTTP Error 404: {"quoteSummary":{"result":null,"error":{"code":"Not Found","description":"No fundamentals data found for symbol: XLK"}}}
HTTP Error 404: {"quoteSummary":{"result":null,"error":{"code":"Not Found","description":"No fundamentals data found for symbol: VOO"}}}
  [496/542] VOO: 91 STRONG BUY | VCP:True RS@High:True
HTTP Error 404: {"quoteSummary":{"result":null,"error":{"code":"Not Found","description":"No fundamentals data found for symbol: GLD"}}}
  [497/542] GLD: 24 WEAK | VCP:True RS@High:False
HTTP Error 404: {"quoteSummary":{"result":null,"error":{"code":"Not Found","description":"No fundamentals data found for symbol: HYG"}}}
HTTP Error 404: {"quoteSummary":{"result":null,"error":{"code":"Not Found","description":"No fundamentals data found for symbol: XLV"}}}
  [498/542] XLV: 71 WATCH | VCP:False RS@High:False
HTTP Error 404: {"quoteSummary":{"result":null,"error":{"code":"Not Found","description":"No fundamentals data found for symbol: XLI"}}}
HTTP Error 404: {"quoteSummary":{"result":null,"error":{"code":"Not Found","description":"No fundamentals data found for symbol: SLV"}}}
  [499/542] SLV: 17 WEAK | VCP:False RS@High:False
HTTP Error 404: {"quoteSummary":{"result":null,"error":{"code":"Not Found","description":"No fundamentals data found for symbol: XLC"}}}
HTTP Error 404: {"quoteSummary":{"result":null,"error":{"code":"Not Found","description":"No fundamentals data found for symbol: IEF"}}}
  [500/542] IEF: 18 WEAK | VCP:False RS@High:False
HTTP Error 404: {"quoteSummary":{"result":null,"error":{"code":"Not Found","description":"No fundamentals data found for symbol: XLF"}}}
  [501/542] XLF: 52 WEAK | VCP:False RS@High:False
HTTP Error 404: {"quoteSummary":{"result":null,"error":{"code":"Not Found","description":"No fundamentals data found for symbol: XLE"}}}
HTTP Error 404: {"quoteSummary":{"result":null,"error":{"code":"Not Found","description":"No fundamentals data found for symbol: LQD"}}}
  [502/542] LQD: 20 WEAK | VCP:False RS@High:False
HTTP Error 404: {"quoteSummary":{"result":null,"error":{"code":"Not Found","description":"No fundamentals data found for symbol: XLK"}}}
  [503/542] XLK: 51 WEAK | VCP:True RS@High:False
HTTP Error 404: {"quoteSummary":{"result":null,"error":{"code":"Not Found","description":"No fundamentals data found for symbol: XLP"}}}
HTTP Error 404: {"quoteSummary":{"result":null,"error":{"code":"Not Found","description":"No fundamentals data found for symbol: HYG"}}}
  [504/542] HYG: 54 WEAK | VCP:False RS@High:False
HTTP Error 404: {"quoteSummary":{"result":null,"error":{"code":"Not Found","description":"No fundamentals data found for symbol: XLB"}}}
HTTP Error 404: {"quoteSummary":{"result":null,"error":{"code":"Not Found","description":"No fundamentals data found for symbol: XLRE"}}}
HTTP Error 404: {"quoteSummary":{"result":null,"error":{"code":"Not Found","description":"No fundamentals data found for symbol: XLC"}}}
  [505/542] XLC: 27 WEAK | VCP:False RS@High:False
HTTP Error 404: {"quoteSummary":{"result":null,"error":{"code":"Not Found","description":"No fundamentals data found for symbol: SMH"}}}
HTTP Error 404: {"quoteSummary":{"result":null,"error":{"code":"Not Found","description":"No fundamentals data found for symbol: XLU"}}}
HTTP Error 404: {"quoteSummary":{"result":null,"error":{"code":"Not Found","description":"No fundamentals data found for symbol: XLE"}}}
  [506/542] XLE: 65 WATCH | VCP:False RS@High:False
HTTP Error 404: {"quoteSummary":{"result":null,"error":{"code":"Not Found","description":"No fundamentals data found for symbol: XLI"}}}
  [507/542] XLI: 83 STRONG BUY | VCP:True RS@High:False
HTTP Error 404: {"quoteSummary":{"result":null,"error":{"code":"Not Found","description":"No fundamentals data found for symbol: IBB"}}}
HTTP Error 404: {"quoteSummary":{"result":null,"error":{"code":"Not Found","description":"No fundamentals data found for symbol: XLB"}}}
  [508/542] XLB: 51 WEAK | VCP:True RS@High:False
HTTP Error 404: {"quoteSummary":{"result":null,"error":{"code":"Not Found","description":"No fundamentals data found for symbol: XLRE"}}}
  [509/542] XLRE: 90 STRONG BUY | VCP:True RS@High:False
HTTP Error 404: {"quoteSummary":{"result":null,"error":{"code":"Not Found","description":"No fundamentals data found for symbol: XLY"}}}
HTTP Error 404: {"quoteSummary":{"result":null,"error":{"code":"Not Found","description":"No fundamentals data found for symbol: XLP"}}}
  [510/542] XLP: 89 STRONG BUY | VCP:True RS@High:False
HTTP Error 404: {"quoteSummary":{"result":null,"error":{"code":"Not Found","description":"No fundamentals data found for symbol: IBB"}}}
  [511/542] IBB: 88 STRONG BUY | VCP:True RS@High:False
HTTP Error 404: {"quoteSummary":{"result":null,"error":{"code":"Not Found","description":"No fundamentals data found for symbol: SMH"}}}
  [512/542] SMH: 29 WEAK | VCP:False RS@High:False
HTTP Error 404: {"quoteSummary":{"result":null,"error":{"code":"Not Found","description":"No fundamentals data found for symbol: XLU"}}}
  [513/542] XLU: 82 STRONG BUY | VCP:True RS@High:False
HTTP Error 404: {"quoteSummary":{"result":null,"error":{"code":"Not Found","description":"No fundamentals data found for symbol: XBI"}}}
  [514/542] SPCX: 50 WATCH | VCP:False RS@High:False
HTTP Error 404: {"quoteSummary":{"result":null,"error":{"code":"Not Found","description":"No fundamentals data found for symbol: ARKG"}}}
HTTP Error 404: {"quoteSummary":{"result":null,"error":{"code":"Not Found","description":"No fundamentals data found for symbol: XOP"}}}
HTTP Error 404: {"quoteSummary":{"result":null,"error":{"code":"Not Found","description":"No fundamentals data found for symbol: ARKW"}}}
HTTP Error 404: {"quoteSummary":{"result":null,"error":{"code":"Not Found","description":"No fundamentals data found for symbol: ARKK"}}}
HTTP Error 404: {"quoteSummary":{"result":null,"error":{"code":"Not Found","description":"No fundamentals data found for symbol: XLY"}}}
  [515/542] XLY: 64 WATCH | VCP:True RS@High:False
  [516/542] AMKR: 48 WEAK | VCP:False RS@High:False
HTTP Error 404: {"quoteSummary":{"result":null,"error":{"code":"Not Found","description":"No fundamentals data found for symbol: ARKG"}}}
  [517/542] ARKG: 86 STRONG BUY | VCP:True RS@High:False
  [518/542] ALAB: 44 WEAK | VCP:False RS@High:False
HTTP Error 404: {"quoteSummary":{"result":null,"error":{"code":"Not Found","description":"No fundamentals data found for symbol: XBI"}}}
  [519/542] XBI: 84 STRONG BUY | VCP:True RS@High:False
HTTP Error 404: {"quoteSummary":{"result":null,"error":{"code":"Not Found","description":"No fundamentals data found for symbol: BTC-USD"}}}
  [520/542] APLD: 43 WEAK | VCP:False RS@High:False
HTTP Error 404: {"quoteSummary":{"result":null,"error":{"code":"Not Found","description":"No fundamentals data found for symbol: XOP"}}}
  [521/542] XOP: 73 WATCH | VCP:True RS@High:False
HTTP Error 404: {"quoteSummary":{"result":null,"error":{"code":"Not Found","description":"No fundamentals data found for symbol: ARKK"}}}
  [522/542] ARKK: 56 WATCH | VCP:True RS@High:False
HTTP Error 404: {"quoteSummary":{"result":null,"error":{"code":"Not Found","description":"No fundamentals data found for symbol: ARKW"}}}
  [523/542] ARKW: 42 WEAK | VCP:True RS@High:False
  [524/542] APP: 46 WEAK | VCP:True RS@High:False
HTTP Error 404: {"quoteSummary":{"result":null,"error":{"code":"Not Found","description":"No fundamentals data found for symbol: DRAM"}}}
  [525/542] FLEX: 62 WATCH | VCP:True RS@High:False
  [526/542] ICHR: 55 WEAK | VCP:False RS@High:False
  [527/542] COCO: 77 STRONG BUY | VCP:True RS@High:False
  [528/542] DELL: 74 WATCH | VCP:True RS@High:False
  [529/542] DIOD: 41 WEAK | VCP:False RS@High:False
HTTP Error 404: {"quoteSummary":{"result":null,"error":{"code":"Not Found","description":"No fundamentals data found for symbol: BTC-USD"}}}
  [530/542] BTC-USD: 53 WEAK | VCP:True RS@High:False
HTTP Error 404: {"quoteSummary":{"result":null,"error":{"code":"Not Found","description":"No fundamentals data found for symbol: DRAM"}}}
  [531/542] DRAM: 16 WEAK | VCP:False RS@High:False
  [532/542] DOCN: 41 WEAK | VCP:False RS@High:False
  [533/542] IREN: 40 WEAK | VCP:True RS@High:False
  [534/542] LQDA: 86 STRONG BUY | VCP:False RS@High:False
  [535/542] PRTH: 63 WATCH | VCP:True RS@High:False
  [536/542] MXL: 43 WEAK | VCP:False RS@High:False
  [537/542] LUV: 78 STRONG BUY | VCP:True RS@High:False
  [538/542] RBRK: 76 STRONG BUY | VCP:True RS@High:False
HTTP Error 404: {"quoteSummary":{"result":null,"error":{"code":"Not Found","description":"No fundamentals data found for symbol: SSO"}}}
HTTP Error 404: {"quoteSummary":{"result":null,"error":{"code":"Not Found","description":"No fundamentals data found for symbol: QLD"}}}
  [539/542] SWBI: 90 STRONG BUY | VCP:True RS@High:False
  [540/542] VRT: 61 WATCH | VCP:False RS@High:False
HTTP Error 404: {"quoteSummary":{"result":null,"error":{"code":"Not Found","description":"No fundamentals data found for symbol: SSO"}}}
  [541/542] SSO: 88 STRONG BUY | VCP:True RS@High:True
HTTP Error 404: {"quoteSummary":{"result":null,"error":{"code":"Not Found","description":"No fundamentals data found for symbol: QLD"}}}
  [542/542] QLD: 37 WEAK | VCP:True RS@High:False
[17:41] Fetching news…
Fetching news for 15 tickers…
  MNST
  IEX
  JBHT
  WERN
  FRT
  DXCM
  GRMN
  CFG
  ASH
  LLY
  AFL
  CROX
  NTRS
  PSA
  NNN
[17:41] Generating trade theses…
[17:41] ✓ Saved latest → C:\Users\91635\Desktop\TXsparks\Sparks_Finance\Sparks_Finance\KV\combined_results.json
  History: 7 day(s) stored → 2026-07-17, 2026-07-16, 2026-07-15, 2026-07-14, 2026-07-13, 2026-07-10, 2026-07-09
[17:41] Pushing to Firestore…
  ✓  Pushed → Firestore: scans/latest
  ✓  Pushed → Firestore: history/2026-07-17
  ✓  History index: 2026-07-17, 2026-07-16, 2026-07-15, 2026-07-14, 2026-07-13, 2026-07-10, 2026-07-09
